[debug] [2023-09-09T14:11:09.961Z] ----------------------------------------------------------------------
[debug] [2023-09-09T14:11:09.964Z] Command:       C:\Program Files\nodejs\node.exe C:\Users\hp\AppData\Roaming\npm\node_modules\firebase-tools\lib\bin\firebase.js deploy --only storage --project favetale
[debug] [2023-09-09T14:11:09.964Z] CLI Version:   12.5.3
[debug] [2023-09-09T14:11:09.964Z] Platform:      win32
[debug] [2023-09-09T14:11:09.964Z] Node Version:  v16.17.1
[debug] [2023-09-09T14:11:09.965Z] Time:          Sat Sep 09 2023 15:11:09 GMT+0100 (GMT+02:00)
[debug] [2023-09-09T14:11:09.966Z] ----------------------------------------------------------------------
[debug] 
[debug] [2023-09-09T14:11:10.041Z] > command requires scopes: ["email","openid","https://www.googleapis.com/auth/cloudplatformprojects.readonly","https://www.googleapis.com/auth/firebase","https://www.googleapis.com/auth/cloud-platform"]
[debug] [2023-09-09T14:11:10.041Z] > authorizing via signed-in user (taha.maatof@gmail.com)
[debug] [2023-09-09T14:11:10.041Z] [iam] checking project favetale for permissions ["firebase.projects.get","firebaserules.releases.create","firebaserules.releases.update","firebaserules.rulesets.create"]
[debug] [2023-09-09T14:11:10.045Z] >>> [apiv2][query] POST https://cloudresourcemanager.googleapis.com/v1/projects/favetale:testIamPermissions [none]
[debug] [2023-09-09T14:11:10.045Z] >>> [apiv2][(partial)header] POST https://cloudresourcemanager.googleapis.com/v1/projects/favetale:testIamPermissions x-goog-quota-user=projects/favetale
[debug] [2023-09-09T14:11:10.045Z] >>> [apiv2][body] POST https://cloudresourcemanager.googleapis.com/v1/projects/favetale:testIamPermissions {"permissions":["firebase.projects.get","firebaserules.releases.create","firebaserules.releases.update","firebaserules.rulesets.create"]}
[debug] [2023-09-09T14:11:11.274Z] <<< [apiv2][status] POST https://cloudresourcemanager.googleapis.com/v1/projects/favetale:testIamPermissions 200
[debug] [2023-09-09T14:11:11.275Z] <<< [apiv2][body] POST https://cloudresourcemanager.googleapis.com/v1/projects/favetale:testIamPermissions {}
[debug] [2023-09-09T14:11:11.275Z] [iam] error while checking permissions, command may fail: FirebaseError: Authorization failed. This account is missing the following required permissions on project favetale:

  firebase.projects.get
  firebaserules.releases.create
  firebaserules.releases.update
  firebaserules.rulesets.create
[info] 
[info] === Deploying to 'favetale'...
[info] 
[info] i  deploying storage 
[debug] [2023-09-09T14:11:11.280Z] >>> [apiv2][query] GET https://firebase.googleapis.com/v1beta1/projects/favetale [none]
[debug] [2023-09-09T14:11:12.300Z] <<< [apiv2][status] GET https://firebase.googleapis.com/v1beta1/projects/favetale 403
[debug] [2023-09-09T14:11:12.300Z] <<< [apiv2][body] GET https://firebase.googleapis.com/v1beta1/projects/favetale {"error":{"code":403,"message":"The caller does not have permission","status":"PERMISSION_DENIED"}}
[debug] [2023-09-09T14:11:12.302Z] HTTP Error: 403, The caller does not have permission
[info] 

There was an issue deploying your functions. Verify that your project has a Google App Engine instance setup at https://console.cloud.google.com/appengine and try again. If this issue persists, please contact support.
[debug] [2023-09-09T14:11:12.967Z] FirebaseError: HTTP Error: 403, The caller does not have permission
    at responseToError (C:\Users\hp\AppData\Roaming\npm\node_modules\firebase-tools\lib\responseToError.js:49:12)
    at RetryOperation._fn (C:\Users\hp\AppData\Roaming\npm\node_modules\firebase-tools\lib\apiv2.js:285:77)
    at processTicksAndRejections (node:internal/process/task_queues:96:5)
[error] 
[error] Error: Failed to get Firebase project favetale. Please make sure the project exists and your account has permission to access it.
[debug] [2023-09-09T14:14:36.673Z] ----------------------------------------------------------------------
[debug] [2023-09-09T14:14:36.675Z] Command:       C:\Program Files\nodejs\node.exe C:\Users\hp\AppData\Roaming\npm\node_modules\firebase-tools\lib\bin\firebase.js deploy --project favetale
[debug] [2023-09-09T14:14:36.676Z] CLI Version:   12.5.3
[debug] [2023-09-09T14:14:36.676Z] Platform:      win32
[debug] [2023-09-09T14:14:36.677Z] Node Version:  v16.17.1
[debug] [2023-09-09T14:14:36.678Z] Time:          Sat Sep 09 2023 15:14:36 GMT+0100 (GMT+02:00)
[debug] [2023-09-09T14:14:36.678Z] ----------------------------------------------------------------------
[debug] 
[debug] [2023-09-09T14:14:36.764Z] > command requires scopes: ["email","openid","https://www.googleapis.com/auth/cloudplatformprojects.readonly","https://www.googleapis.com/auth/firebase","https://www.googleapis.com/auth/cloud-platform"]
[debug] [2023-09-09T14:14:36.764Z] > authorizing via signed-in user (taha.maatof@gmail.com)
[debug] [2023-09-09T14:14:36.765Z] [iam] checking project favetale for permissions ["cloudfunctions.functions.create","cloudfunctions.functions.delete","cloudfunctions.functions.get","cloudfunctions.functions.list","cloudfunctions.functions.update","cloudfunctions.operations.get","firebase.projects.get","firebasehosting.sites.update","firebaserules.releases.create","firebaserules.releases.update","firebaserules.rulesets.create"]
[debug] [2023-09-09T14:14:36.767Z] >>> [apiv2][query] POST https://cloudresourcemanager.googleapis.com/v1/projects/favetale:testIamPermissions [none]
[debug] [2023-09-09T14:14:36.767Z] >>> [apiv2][(partial)header] POST https://cloudresourcemanager.googleapis.com/v1/projects/favetale:testIamPermissions x-goog-quota-user=projects/favetale
[debug] [2023-09-09T14:14:36.768Z] >>> [apiv2][body] POST https://cloudresourcemanager.googleapis.com/v1/projects/favetale:testIamPermissions {"permissions":["cloudfunctions.functions.create","cloudfunctions.functions.delete","cloudfunctions.functions.get","cloudfunctions.functions.list","cloudfunctions.functions.update","cloudfunctions.operations.get","firebase.projects.get","firebasehosting.sites.update","firebaserules.releases.create","firebaserules.releases.update","firebaserules.rulesets.create"]}
[debug] [2023-09-09T14:14:37.780Z] <<< [apiv2][status] POST https://cloudresourcemanager.googleapis.com/v1/projects/favetale:testIamPermissions 200
[debug] [2023-09-09T14:14:37.781Z] <<< [apiv2][body] POST https://cloudresourcemanager.googleapis.com/v1/projects/favetale:testIamPermissions {}
[debug] [2023-09-09T14:14:37.781Z] [iam] error while checking permissions, command may fail: FirebaseError: Authorization failed. This account is missing the following required permissions on project favetale:

  cloudfunctions.functions.create
  cloudfunctions.functions.delete
  cloudfunctions.functions.get
  cloudfunctions.functions.list
  cloudfunctions.functions.update
  cloudfunctions.operations.get
  firebase.projects.get
  firebasehosting.sites.update
  firebaserules.releases.create
  firebaserules.releases.update
  firebaserules.rulesets.create
[debug] [2023-09-09T14:14:37.782Z] >>> [apiv2][query] POST https://iam.googleapis.com/v1/projects/favetale/serviceAccounts/favetale@appspot.gserviceaccount.com:testIamPermissions [none]
[debug] [2023-09-09T14:14:37.782Z] >>> [apiv2][body] POST https://iam.googleapis.com/v1/projects/favetale/serviceAccounts/favetale@appspot.gserviceaccount.com:testIamPermissions {"permissions":["iam.serviceAccounts.actAs"]}
[debug] [2023-09-09T14:14:38.644Z] <<< [apiv2][status] POST https://iam.googleapis.com/v1/projects/favetale/serviceAccounts/favetale@appspot.gserviceaccount.com:testIamPermissions 404
[debug] [2023-09-09T14:14:38.645Z] <<< [apiv2][body] POST https://iam.googleapis.com/v1/projects/favetale/serviceAccounts/favetale@appspot.gserviceaccount.com:testIamPermissions {"error":{"code":404,"message":"Unknown service account","status":"NOT_FOUND"}}
[debug] [2023-09-09T14:14:38.649Z] [functions] service account IAM check errored, deploy may fail: HTTP Error: 404, Unknown service account {"name":"FirebaseError","children":[],"context":{"body":{"error":{"code":404,"message":"Unknown service account","status":"NOT_FOUND"}},"response":{"statusCode":404}},"exit":1,"message":"HTTP Error: 404, Unknown service account","status":404}
[debug] [2023-09-09T14:14:38.654Z] >>> [apiv2][query] GET https://firebase.googleapis.com/v1beta1/projects/favetale [none]
[debug] [2023-09-09T14:14:39.350Z] <<< [apiv2][status] GET https://firebase.googleapis.com/v1beta1/projects/favetale 403
[debug] [2023-09-09T14:14:39.350Z] <<< [apiv2][body] GET https://firebase.googleapis.com/v1beta1/projects/favetale {"error":{"code":403,"message":"The caller does not have permission","status":"PERMISSION_DENIED"}}
[debug] [2023-09-09T14:14:39.351Z] HTTP Error: 403, The caller does not have permission
[debug] [2023-09-09T14:14:39.852Z] FirebaseError: HTTP Error: 403, The caller does not have permission
    at responseToError (C:\Users\hp\AppData\Roaming\npm\node_modules\firebase-tools\lib\responseToError.js:49:12)
    at RetryOperation._fn (C:\Users\hp\AppData\Roaming\npm\node_modules\firebase-tools\lib\apiv2.js:285:77)
    at processTicksAndRejections (node:internal/process/task_queues:96:5)
[error] 
[error] Error: Failed to get Firebase project favetale. Please make sure the project exists and your account has permission to access it.
